logback.xml 00:13:36.868 [main] INFO  HelloWorld:this is an .info msg from Hello World 
logback.xml 00:13:42.401 [main] DEBUG HelloWorldSlf4j:Execute HelloWorld. 
logback.xml 00:13:42.407 [main] INFO  HelloWorldSlf4j:Simple sample to show log field is injected. 
logback.xml 00:13:42.410 [main] ERROR HelloWorldSlf4j:a severe msg 
logback.xml 00:13:42.412 [main] WARN  HelloWorldSlf4j:a warning msg 
logback.xml 00:13:42.471 [main] DEBUG MrHakiLogSlf4j.groovy:HelloWorldSlf4j. 
logback.xml 00:13:45.379 [main] INFO  MyExample:Instantiated MyExample 
logback.xml 00:13:45.524 [main] DEBUG MyExample:Still alive... at interation 1 
logback.xml 00:13:55.536 [main] WARN  MyExample:-- this is a warning  
logback.xml 00:13:55.537 [main] DEBUG MyExample:Still alive... at interation 2 
logback.xml 00:14:05.537 [main] WARN  MyExample:-- this is a warning  
logback.xml 00:14:05.549 [main] DEBUG MyExample:Still alive... at interation 3 
logback.xml 00:14:15.550 [main] WARN  MyExample:-- this is a warning  
logback.xml 00:14:15.551 [main] DEBUG MyExample:Still alive... at interation 4 
logback.xml 00:33:07.108 [main] INFO  HelloWorld:this is an .info msg from Hello World 
logback.xml 00:33:13.414 [main] DEBUG HelloWorldSlf4j:Execute HelloWorld. 
logback.xml 00:33:13.418 [main] INFO  HelloWorldSlf4j:Simple sample to show log field is injected. 
logback.xml 00:33:13.420 [main] ERROR HelloWorldSlf4j:a severe msg 
logback.xml 00:33:13.421 [main] WARN  HelloWorldSlf4j:a warning msg 
logback.xml 00:33:13.510 [main] DEBUG MrHakiLogSlf4j.groovy:HelloWorldSlf4j. 
logback.xml 00:33:15.027 [main] INFO  MyExample:Instantiated MyExample 
logback.xml 00:33:15.141 [main] DEBUG MyExample:Still alive... at interation 1 
logback.xml 00:33:25.156 [main] WARN  MyExample:-- this is a warning  
logback.xml 00:33:25.191 [main] DEBUG MyExample:Still alive... at interation 2 
logback.xml 00:33:35.192 [main] WARN  MyExample:-- this is a warning  
logback.xml 00:33:35.233 [main] DEBUG MyExample:Still alive... at interation 3 
logback.xml 00:33:45.233 [main] WARN  MyExample:-- this is a warning  
logback.xml 00:33:45.234 [main] DEBUG MyExample:Still alive... at interation 4 
